2025-09-11 14:09:17,581 - INFO - context_portal_mcp.main - File logging configured to: /Users/darrenraines/游놓/ROO/PortfolioRoo/context_portal/./logs/conport.log
2025-09-11 14:09:17,581 - INFO - context_portal_mcp.core.config - Database filename set to: context.db
2025-09-11 14:09:17,581 - INFO - context_portal_mcp.main - Using database filename: context.db
2025-09-11 14:09:17,581 - INFO - context_portal_mcp.main - Parsed CLI args: Namespace(host='127.0.0.1', port=8000, workspace_id='/Users/darrenraines/游놓/ROO/PortfolioRoo', auto_detect_workspace=True, workspace_search_start=None, no_auto_detect=False, mode='stdio', log_file='./logs/conport.log', db_path=None, base_path=None, db_filename='context.db', log_level='INFO')
2025-09-11 14:09:17,581 - INFO - context_portal_mcp.main - Starting ConPort in STDIO mode with workspace detection enabled
2025-09-11 14:09:17,582 - INFO - context_portal_mcp.core.workspace_detector - Workspace detected by strong indicators: /Users/darrenraines/游놓/ROO/PortfolioRoo
2025-09-11 14:09:17,582 - INFO - context_portal_mcp.main - Workspace detection details: {'start_path': '/Users/darrenraines/游놓/ROO/PortfolioRoo', 'detected_workspace': '/Users/darrenraines/游놓/ROO/PortfolioRoo', 'context_portal_path': '/Users/darrenraines/游놓/ROO/PortfolioRoo/context_portal', 'detection_method': 'strong_indicators', 'indicators_found': ['.git'], 'environment_variables': {'VSCODE_WORKSPACE_FOLDER': None, 'CONPORT_WORKSPACE': None, 'PWD': '/Users/darrenraines/游놓/ROO/PortfolioRoo', 'CWD': '/Users/darrenraines/游놓/ROO/PortfolioRoo'}}
2025-09-11 14:09:17,582 - INFO - context_portal_mcp.main - Effective workspace ID: /Users/darrenraines/游놓/ROO/PortfolioRoo
2025-09-11 14:09:17,582 - INFO - context_portal_mcp.main - Pre-warming database connection for workspace: /Users/darrenraines/游놓/ROO/PortfolioRoo
2025-09-11 14:09:17,582 - INFO - context_portal_mcp.db.database - Alembic.ini not found. Creating at /Users/darrenraines/游놓/ROO/PortfolioRoo/context_portal/alembic.ini
2025-09-11 14:09:17,582 - INFO - context_portal_mcp.db.database - Alembic env.py not found. Creating at /Users/darrenraines/游놓/ROO/PortfolioRoo/context_portal/alembic/env.py
2025-09-11 14:09:17,582 - INFO - context_portal_mcp.db.database - Initial schema not found. Creating at /Users/darrenraines/游놓/ROO/PortfolioRoo/context_portal/alembic/versions/2025_06_17_initial_schema.py
2025-09-11 14:09:17,583 - INFO - context_portal_mcp.db.database - Alembic: Script directory /Users/darrenraines/游놓/ROO/PortfolioRoo/context_portal/alembic confirmed to exist by Python.
2025-09-11 14:09:17,583 - INFO - context_portal_mcp.db.database - Running Alembic migrations for database: /Users/darrenraines/游놓/ROO/PortfolioRoo/context_portal/context.db
2025-09-11 15:33:19,091 - INFO - context_portal_mcp.main - File logging configured to: /Users/darrenraines/游놓/ROO/PortfolioRoo/context_portal/./logs/conport.log
2025-09-11 15:33:19,091 - INFO - context_portal_mcp.core.config - Database filename set to: context.db
2025-09-11 15:33:19,091 - INFO - context_portal_mcp.main - Using database filename: context.db
2025-09-11 15:33:19,091 - INFO - context_portal_mcp.main - Parsed CLI args: Namespace(host='127.0.0.1', port=8000, workspace_id='/Users/darrenraines/游놓/ROO/PortfolioRoo', auto_detect_workspace=True, workspace_search_start=None, no_auto_detect=False, mode='stdio', log_file='./logs/conport.log', db_path=None, base_path=None, db_filename='context.db', log_level='INFO')
2025-09-11 15:33:19,091 - INFO - context_portal_mcp.main - Starting ConPort in STDIO mode with workspace detection enabled
2025-09-11 15:33:19,091 - INFO - context_portal_mcp.core.workspace_detector - Workspace detected by strong indicators: /Users/darrenraines/游놓/ROO/PortfolioRoo
2025-09-11 15:33:19,091 - INFO - context_portal_mcp.main - Workspace detection details: {'start_path': '/Users/darrenraines/游놓/ROO/PortfolioRoo', 'detected_workspace': '/Users/darrenraines/游놓/ROO/PortfolioRoo', 'context_portal_path': '/Users/darrenraines/游놓/ROO/PortfolioRoo/context_portal', 'detection_method': 'strong_indicators', 'indicators_found': ['.git'], 'environment_variables': {'VSCODE_WORKSPACE_FOLDER': None, 'CONPORT_WORKSPACE': None, 'PWD': '/Users/darrenraines/游놓/ROO/PortfolioRoo', 'CWD': '/Users/darrenraines/游놓/ROO/PortfolioRoo'}}
2025-09-11 15:33:19,092 - INFO - context_portal_mcp.main - Effective workspace ID: /Users/darrenraines/游놓/ROO/PortfolioRoo
2025-09-11 15:33:19,092 - INFO - context_portal_mcp.main - Pre-warming database connection for workspace: /Users/darrenraines/游놓/ROO/PortfolioRoo
2025-09-11 15:33:19,092 - INFO - context_portal_mcp.db.database - Alembic: Script directory /Users/darrenraines/游놓/ROO/PortfolioRoo/context_portal/alembic confirmed to exist by Python.
2025-09-11 15:33:19,092 - INFO - context_portal_mcp.db.database - Running Alembic migrations for database: /Users/darrenraines/游놓/ROO/PortfolioRoo/context_portal/context.db
2025-09-11 15:34:02,948 - INFO - context_portal_mcp.main - File logging configured to: /Users/darrenraines/游놓/ROO/PortfolioRoo/context_portal/./logs/conport.log
2025-09-11 15:34:02,948 - INFO - context_portal_mcp.core.config - Database filename set to: context.db
2025-09-11 15:34:02,948 - INFO - context_portal_mcp.main - Using database filename: context.db
2025-09-11 15:34:02,948 - INFO - context_portal_mcp.main - Parsed CLI args: Namespace(host='127.0.0.1', port=8000, workspace_id='/Users/darrenraines/游놓/ROO/PortfolioRoo', auto_detect_workspace=True, workspace_search_start=None, no_auto_detect=False, mode='stdio', log_file='./logs/conport.log', db_path=None, base_path=None, db_filename='context.db', log_level='INFO')
2025-09-11 15:34:02,948 - INFO - context_portal_mcp.main - Starting ConPort in STDIO mode with workspace detection enabled
2025-09-11 15:34:02,948 - INFO - context_portal_mcp.core.workspace_detector - Workspace detected by strong indicators: /Users/darrenraines/游놓/ROO/PortfolioRoo
2025-09-11 15:34:02,948 - INFO - context_portal_mcp.main - Workspace detection details: {'start_path': '/Users/darrenraines/游놓/ROO/PortfolioRoo', 'detected_workspace': '/Users/darrenraines/游놓/ROO/PortfolioRoo', 'context_portal_path': '/Users/darrenraines/游놓/ROO/PortfolioRoo/context_portal', 'detection_method': 'strong_indicators', 'indicators_found': ['.git'], 'environment_variables': {'VSCODE_WORKSPACE_FOLDER': None, 'CONPORT_WORKSPACE': None, 'PWD': '/Users/darrenraines/游놓/ROO/PortfolioRoo', 'CWD': '/Users/darrenraines/游놓/ROO/PortfolioRoo'}}
2025-09-11 15:34:02,948 - INFO - context_portal_mcp.main - Effective workspace ID: /Users/darrenraines/游놓/ROO/PortfolioRoo
2025-09-11 15:34:02,948 - INFO - context_portal_mcp.main - Pre-warming database connection for workspace: /Users/darrenraines/游놓/ROO/PortfolioRoo
2025-09-11 15:34:02,949 - INFO - context_portal_mcp.db.database - Alembic: Script directory /Users/darrenraines/游놓/ROO/PortfolioRoo/context_portal/alembic confirmed to exist by Python.
2025-09-11 15:34:02,949 - INFO - context_portal_mcp.db.database - Running Alembic migrations for database: /Users/darrenraines/游놓/ROO/PortfolioRoo/context_portal/context.db
